<?xml version="1.0" encoding="UTF-8"?>
<!-- Generated by org.testng.reporters.JUnitXMLReporter -->
<testsuite ignored="0" hostname="LTIN180925" failures="0" tests="8" name="ChromeTest" time="225.319" errors="0" timestamp="2024-03-25T20:20:37 IST">
  <testcase classname="testCases.TC_01_CabBooking" name="fillingDetails" time="20.168"/>
  <testcase classname="testCases.TC_01_CabBooking" name="fillingDetails" time="18.416"/>
  <testcase classname="testCases.TC_01_CabBooking" name="fillingDetails" time="35.23"/>
  <testcase classname="testCases.TC_02_GiftCard" name="switchFrame" time="0.257"/>
  <testcase classname="testCases.TC_02_GiftCard" name="selectingGiftCard" time="1.594"/>
  <testcase classname="testCases.TC_02_GiftCard" name="insertingData" time="1.625"/>
  <testcase classname="testCases.TC_02_GiftCard" name="cpaturingErrorMessage" time="0.223"/>
  <testcase classname="testCases.TC_03_HotelBooking" name="noOfAdults" time="2.634"/>
</testsuite> <!-- ChromeTest -->
