<?xml version="1.0" encoding="UTF-8"?>
<!-- Generated by org.testng.reporters.JUnitXMLReporter -->
<testsuite ignored="0" hostname="LTIN180925" failures="0" tests="8" name="EdgeTest" time="226.874" errors="0" timestamp="2024-03-25T20:24:24 IST">
  <testcase classname="testCases.TC_01_CabBooking" name="fillingDetails" time="23.702"/>
  <testcase classname="testCases.TC_01_CabBooking" name="fillingDetails" time="20.311"/>
  <testcase classname="testCases.TC_01_CabBooking" name="fillingDetails" time="27.421"/>
  <testcase classname="testCases.TC_02_GiftCard" name="switchFrame" time="0.328"/>
  <testcase classname="testCases.TC_02_GiftCard" name="selectingGiftCard" time="2.387"/>
  <testcase classname="testCases.TC_02_GiftCard" name="insertingData" time="1.827"/>
  <testcase classname="testCases.TC_02_GiftCard" name="cpaturingErrorMessage" time="0.188"/>
  <testcase classname="testCases.TC_03_HotelBooking" name="noOfAdults" time="2.799"/>
</testsuite> <!-- EdgeTest -->
