<?xml version="1.0" encoding="UTF-8"?>
<testng-results ignored="0" total="16" passed="16" failed="0" skipped="0">
  <reporter-output>
  </reporter-output>
  <suite started-at="2024-03-25T20:16:50 IST" name="Suite" finished-at="2024-03-25T20:24:24 IST" duration-ms="454085">
    <groups>
      <group name="regression">
        <method signature="TC_03_HotelBooking.noOfAdults()[pri:0, instance:testCases.TC_03_HotelBooking@7e057f43]" name="noOfAdults" class="testCases.TC_03_HotelBooking"/>
        <method signature="TC_02_GiftCard.switchFrame()[pri:1, instance:testCases.TC_02_GiftCard@6e9a5ed8]" name="switchFrame" class="testCases.TC_02_GiftCard"/>
        <method signature="TC_02_GiftCard.selectingGiftCard()[pri:2, instance:testCases.TC_02_GiftCard@6e9a5ed8]" name="selectingGiftCard" class="testCases.TC_02_GiftCard"/>
        <method signature="TC_02_GiftCard.insertingData()[pri:3, instance:testCases.TC_02_GiftCard@6e9a5ed8]" name="insertingData" class="testCases.TC_02_GiftCard"/>
        <method signature="TC_02_GiftCard.cpaturingErrorMessage()[pri:4, instance:testCases.TC_02_GiftCard@6e9a5ed8]" name="cpaturingErrorMessage" class="testCases.TC_02_GiftCard"/>
        <method signature="TC_01_CabBooking.fillingDetails(java.lang.String,java.lang.String,java.lang.String,java.lang.String,java.lang.String)[pri:1, instance:testCases.TC_01_CabBooking@2767e23c]" name="fillingDetails" class="testCases.TC_01_CabBooking"/>
        <method signature="TC_03_HotelBooking.noOfAdults()[pri:0, instance:testCases.TC_03_HotelBooking@4201c465]" name="noOfAdults" class="testCases.TC_03_HotelBooking"/>
        <method signature="TC_02_GiftCard.switchFrame()[pri:1, instance:testCases.TC_02_GiftCard@7a5ceedd]" name="switchFrame" class="testCases.TC_02_GiftCard"/>
        <method signature="TC_02_GiftCard.selectingGiftCard()[pri:2, instance:testCases.TC_02_GiftCard@7a5ceedd]" name="selectingGiftCard" class="testCases.TC_02_GiftCard"/>
        <method signature="TC_02_GiftCard.insertingData()[pri:3, instance:testCases.TC_02_GiftCard@7a5ceedd]" name="insertingData" class="testCases.TC_02_GiftCard"/>
        <method signature="TC_02_GiftCard.cpaturingErrorMessage()[pri:4, instance:testCases.TC_02_GiftCard@7a5ceedd]" name="cpaturingErrorMessage" class="testCases.TC_02_GiftCard"/>
        <method signature="TC_01_CabBooking.fillingDetails(java.lang.String,java.lang.String,java.lang.String,java.lang.String,java.lang.String)[pri:1, instance:testCases.TC_01_CabBooking@5965d37]" name="fillingDetails" class="testCases.TC_01_CabBooking"/>
      </group> <!-- regression -->
      <group name="sanity">
        <method signature="TC_01_CabBooking.fillingDetails(java.lang.String,java.lang.String,java.lang.String,java.lang.String,java.lang.String)[pri:1, instance:testCases.TC_01_CabBooking@2767e23c]" name="fillingDetails" class="testCases.TC_01_CabBooking"/>
        <method signature="TC_01_CabBooking.fillingDetails(java.lang.String,java.lang.String,java.lang.String,java.lang.String,java.lang.String)[pri:1, instance:testCases.TC_01_CabBooking@5965d37]" name="fillingDetails" class="testCases.TC_01_CabBooking"/>
      </group> <!-- sanity -->
    </groups>
    <test started-at="2024-03-25T20:16:50 IST" name="ChromeTest" finished-at="2024-03-25T20:20:35 IST" duration-ms="225319">
      <class name="testCases.TC_03_HotelBooking">
        <test-method is-config="true" signature="setup(java.lang.String)[pri:0, instance:testCases.TC_03_HotelBooking@7e057f43]" started-at="2024-03-25T20:20:17 IST" name="setup" finished-at="2024-03-25T20:20:24 IST" duration-ms="7117" status="PASS">
          <params>
            <param index="0">
              <value>
                <![CDATA[chrome]]>
              </value>
            </param>
          </params>
          <reporter-output>
          </reporter-output>
        </test-method> <!-- setup -->
        <test-method is-config="true" signature="popupHandle()[pri:0, instance:testCases.TC_03_HotelBooking@7e057f43]" started-at="2024-03-25T20:20:24 IST" name="popupHandle" finished-at="2024-03-25T20:20:30 IST" duration-ms="5593" status="PASS">
          <reporter-output>
          </reporter-output>
        </test-method> <!-- popupHandle -->
        <test-method signature="noOfAdults()[pri:0, instance:testCases.TC_03_HotelBooking@7e057f43]" started-at="2024-03-25T20:20:30 IST" name="noOfAdults" finished-at="2024-03-25T20:20:32 IST" duration-ms="2634" status="PASS">
          <reporter-output>
          </reporter-output>
        </test-method> <!-- noOfAdults -->
        <test-method is-config="true" signature="complete()[pri:0, instance:testCases.TC_03_HotelBooking@7e057f43]" started-at="2024-03-25T20:20:32 IST" name="complete" finished-at="2024-03-25T20:20:35 IST" duration-ms="2545" status="PASS">
          <reporter-output>
          </reporter-output>
        </test-method> <!-- complete -->
      </class> <!-- testCases.TC_03_HotelBooking -->
      <class name="testCases.TC_02_GiftCard">
        <test-method is-config="true" signature="setup(java.lang.String)[pri:0, instance:testCases.TC_02_GiftCard@6e9a5ed8]" started-at="2024-03-25T20:18:51 IST" name="setup" finished-at="2024-03-25T20:19:02 IST" duration-ms="11216" status="PASS">
          <params>
            <param index="0">
              <value>
                <![CDATA[chrome]]>
              </value>
            </param>
          </params>
          <reporter-output>
          </reporter-output>
        </test-method> <!-- setup -->
        <test-method is-config="true" signature="popupHandle()[pri:0, instance:testCases.TC_02_GiftCard@6e9a5ed8]" started-at="2024-03-25T20:19:02 IST" name="popupHandle" finished-at="2024-03-25T20:19:08 IST" duration-ms="5490" status="PASS">
          <reporter-output>
          </reporter-output>
        </test-method> <!-- popupHandle -->
        <test-method signature="switchFrame()[pri:1, instance:testCases.TC_02_GiftCard@6e9a5ed8]" started-at="2024-03-25T20:19:08 IST" name="switchFrame" finished-at="2024-03-25T20:19:08 IST" duration-ms="257" status="PASS">
          <reporter-output>
          </reporter-output>
        </test-method> <!-- switchFrame -->
        <test-method is-config="true" signature="popupHandle()[pri:0, instance:testCases.TC_02_GiftCard@6e9a5ed8]" started-at="2024-03-25T20:19:08 IST" name="popupHandle" finished-at="2024-03-25T20:19:31 IST" duration-ms="22363" status="PASS">
          <reporter-output>
          </reporter-output>
        </test-method> <!-- popupHandle -->
        <test-method signature="selectingGiftCard()[pri:2, instance:testCases.TC_02_GiftCard@6e9a5ed8]" started-at="2024-03-25T20:19:31 IST" name="selectingGiftCard" finished-at="2024-03-25T20:19:32 IST" depends-on-methods="testCases.TC_02_GiftCard.switchFrame" duration-ms="1594" status="PASS">
          <reporter-output>
          </reporter-output>
        </test-method> <!-- selectingGiftCard -->
        <test-method is-config="true" signature="popupHandle()[pri:0, instance:testCases.TC_02_GiftCard@6e9a5ed8]" started-at="2024-03-25T20:19:32 IST" name="popupHandle" finished-at="2024-03-25T20:19:52 IST" duration-ms="20089" status="PASS">
          <reporter-output>
          </reporter-output>
        </test-method> <!-- popupHandle -->
        <test-method signature="insertingData()[pri:3, instance:testCases.TC_02_GiftCard@6e9a5ed8]" started-at="2024-03-25T20:19:52 IST" name="insertingData" finished-at="2024-03-25T20:19:54 IST" depends-on-methods="testCases.TC_02_GiftCard.selectingGiftCard" duration-ms="1625" status="PASS">
          <reporter-output>
          </reporter-output>
        </test-method> <!-- insertingData -->
        <test-method is-config="true" signature="popupHandle()[pri:0, instance:testCases.TC_02_GiftCard@6e9a5ed8]" started-at="2024-03-25T20:19:54 IST" name="popupHandle" finished-at="2024-03-25T20:20:14 IST" duration-ms="20124" status="PASS">
          <reporter-output>
          </reporter-output>
        </test-method> <!-- popupHandle -->
        <test-method signature="cpaturingErrorMessage()[pri:4, instance:testCases.TC_02_GiftCard@6e9a5ed8]" started-at="2024-03-25T20:20:14 IST" name="cpaturingErrorMessage" finished-at="2024-03-25T20:20:14 IST" depends-on-methods="testCases.TC_02_GiftCard.insertingData" duration-ms="223" status="PASS">
          <reporter-output>
          </reporter-output>
        </test-method> <!-- cpaturingErrorMessage -->
        <test-method is-config="true" signature="complete()[pri:0, instance:testCases.TC_02_GiftCard@6e9a5ed8]" started-at="2024-03-25T20:20:14 IST" name="complete" finished-at="2024-03-25T20:20:17 IST" duration-ms="2901" status="PASS">
          <reporter-output>
          </reporter-output>
        </test-method> <!-- complete -->
      </class> <!-- testCases.TC_02_GiftCard -->
      <class name="testCases.TC_01_CabBooking">
        <test-method is-config="true" signature="setup(java.lang.String)[pri:0, instance:testCases.TC_01_CabBooking@2767e23c]" started-at="2024-03-25T20:16:50 IST" name="setup" finished-at="2024-03-25T20:17:01 IST" duration-ms="10767" status="PASS">
          <params>
            <param index="0">
              <value>
                <![CDATA[chrome]]>
              </value>
            </param>
          </params>
          <reporter-output>
          </reporter-output>
        </test-method> <!-- setup -->
        <test-method is-config="true" signature="popupHandle()[pri:0, instance:testCases.TC_01_CabBooking@2767e23c]" started-at="2024-03-25T20:17:03 IST" name="popupHandle" finished-at="2024-03-25T20:17:07 IST" duration-ms="4281" status="PASS">
          <reporter-output>
          </reporter-output>
        </test-method> <!-- popupHandle -->
        <test-method signature="fillingDetails(java.lang.String,java.lang.String,java.lang.String,java.lang.String,java.lang.String)[pri:1, instance:testCases.TC_01_CabBooking@2767e23c]" started-at="2024-03-25T20:17:07 IST" name="fillingDetails" data-provider="DataInput" finished-at="2024-03-25T20:17:28 IST" duration-ms="20168" status="PASS">
          <params>
            <param index="0">
              <value>
                <![CDATA[Delhi]]>
              </value>
            </param>
            <param index="1">
              <value>
                <![CDATA[Manali]]>
              </value>
            </param>
            <param index="2">
              <value>
                <![CDATA[1-May]]>
              </value>
            </param>
            <param index="3">
              <value>
                <![CDATA[6:30]]>
              </value>
            </param>
            <param index="4">
              <value>
                <![CDATA[AM]]>
              </value>
            </param>
          </params>
          <reporter-output>
          </reporter-output>
        </test-method> <!-- fillingDetails -->
        <test-method is-config="true" signature="popupHandle()[pri:0, instance:testCases.TC_01_CabBooking@2767e23c]" started-at="2024-03-25T20:17:28 IST" name="popupHandle" finished-at="2024-03-25T20:17:34 IST" duration-ms="5955" status="PASS">
          <reporter-output>
          </reporter-output>
        </test-method> <!-- popupHandle -->
        <test-method signature="fillingDetails(java.lang.String,java.lang.String,java.lang.String,java.lang.String,java.lang.String)[pri:1, instance:testCases.TC_01_CabBooking@2767e23c]" started-at="2024-03-25T20:17:34 IST" name="fillingDetails" data-provider="DataInput" finished-at="2024-03-25T20:17:52 IST" duration-ms="18416" status="PASS">
          <params>
            <param index="0">
              <value>
                <![CDATA[Pune]]>
              </value>
            </param>
            <param index="1">
              <value>
                <![CDATA[Mumbai]]>
              </value>
            </param>
            <param index="2">
              <value>
                <![CDATA[11-May]]>
              </value>
            </param>
            <param index="3">
              <value>
                <![CDATA[7:45]]>
              </value>
            </param>
            <param index="4">
              <value>
                <![CDATA[PM]]>
              </value>
            </param>
          </params>
          <reporter-output>
          </reporter-output>
        </test-method> <!-- fillingDetails -->
        <test-method is-config="true" signature="popupHandle()[pri:0, instance:testCases.TC_01_CabBooking@2767e23c]" started-at="2024-03-25T20:17:52 IST" name="popupHandle" finished-at="2024-03-25T20:18:12 IST" duration-ms="20092" status="PASS">
          <reporter-output>
          </reporter-output>
        </test-method> <!-- popupHandle -->
        <test-method signature="fillingDetails(java.lang.String,java.lang.String,java.lang.String,java.lang.String,java.lang.String)[pri:1, instance:testCases.TC_01_CabBooking@2767e23c]" started-at="2024-03-25T20:18:12 IST" name="fillingDetails" data-provider="DataInput" finished-at="2024-03-25T20:18:47 IST" duration-ms="35230" status="PASS">
          <params>
            <param index="0">
              <value>
                <![CDATA[Kolkata]]>
              </value>
            </param>
            <param index="1">
              <value>
                <![CDATA[Shimla]]>
              </value>
            </param>
            <param index="2">
              <value>
                <![CDATA[20-Jun]]>
              </value>
            </param>
            <param index="3">
              <value>
                <![CDATA[11:15]]>
              </value>
            </param>
            <param index="4">
              <value>
                <![CDATA[AM]]>
              </value>
            </param>
          </params>
          <reporter-output>
          </reporter-output>
        </test-method> <!-- fillingDetails -->
        <test-method is-config="true" signature="complete()[pri:0, instance:testCases.TC_01_CabBooking@2767e23c]" started-at="2024-03-25T20:18:47 IST" name="complete" finished-at="2024-03-25T20:18:51 IST" duration-ms="3929" status="PASS">
          <reporter-output>
          </reporter-output>
        </test-method> <!-- complete -->
      </class> <!-- testCases.TC_01_CabBooking -->
    </test> <!-- ChromeTest -->
    <test started-at="2024-03-25T20:20:37 IST" name="EdgeTest" finished-at="2024-03-25T20:24:24 IST" duration-ms="226874">
      <class name="testCases.TC_03_HotelBooking">
        <test-method is-config="true" signature="setup(java.lang.String)[pri:0, instance:testCases.TC_03_HotelBooking@4201c465]" started-at="2024-03-25T20:24:03 IST" name="setup" finished-at="2024-03-25T20:24:12 IST" duration-ms="9055" status="PASS">
          <params>
            <param index="0">
              <value>
                <![CDATA[edge]]>
              </value>
            </param>
          </params>
          <reporter-output>
          </reporter-output>
        </test-method> <!-- setup -->
        <test-method is-config="true" signature="popupHandle()[pri:0, instance:testCases.TC_03_HotelBooking@4201c465]" started-at="2024-03-25T20:24:12 IST" name="popupHandle" finished-at="2024-03-25T20:24:16 IST" duration-ms="4203" status="PASS">
          <reporter-output>
          </reporter-output>
        </test-method> <!-- popupHandle -->
        <test-method signature="noOfAdults()[pri:0, instance:testCases.TC_03_HotelBooking@4201c465]" started-at="2024-03-25T20:24:16 IST" name="noOfAdults" finished-at="2024-03-25T20:24:19 IST" duration-ms="2799" status="PASS">
          <reporter-output>
          </reporter-output>
        </test-method> <!-- noOfAdults -->
        <test-method is-config="true" signature="complete()[pri:0, instance:testCases.TC_03_HotelBooking@4201c465]" started-at="2024-03-25T20:24:19 IST" name="complete" finished-at="2024-03-25T20:24:24 IST" duration-ms="4562" status="PASS">
          <reporter-output>
          </reporter-output>
        </test-method> <!-- complete -->
      </class> <!-- testCases.TC_03_HotelBooking -->
      <class name="testCases.TC_02_GiftCard">
        <test-method is-config="true" signature="setup(java.lang.String)[pri:0, instance:testCases.TC_02_GiftCard@7a5ceedd]" started-at="2024-03-25T20:22:37 IST" name="setup" finished-at="2024-03-25T20:22:44 IST" duration-ms="7081" status="PASS">
          <params>
            <param index="0">
              <value>
                <![CDATA[edge]]>
              </value>
            </param>
          </params>
          <reporter-output>
          </reporter-output>
        </test-method> <!-- setup -->
        <test-method is-config="true" signature="popupHandle()[pri:0, instance:testCases.TC_02_GiftCard@7a5ceedd]" started-at="2024-03-25T20:22:44 IST" name="popupHandle" finished-at="2024-03-25T20:22:51 IST" duration-ms="6942" status="PASS">
          <reporter-output>
          </reporter-output>
        </test-method> <!-- popupHandle -->
        <test-method signature="switchFrame()[pri:1, instance:testCases.TC_02_GiftCard@7a5ceedd]" started-at="2024-03-25T20:22:51 IST" name="switchFrame" finished-at="2024-03-25T20:22:52 IST" duration-ms="328" status="PASS">
          <reporter-output>
          </reporter-output>
        </test-method> <!-- switchFrame -->
        <test-method is-config="true" signature="popupHandle()[pri:0, instance:testCases.TC_02_GiftCard@7a5ceedd]" started-at="2024-03-25T20:22:52 IST" name="popupHandle" finished-at="2024-03-25T20:23:14 IST" duration-ms="22143" status="PASS">
          <reporter-output>
          </reporter-output>
        </test-method> <!-- popupHandle -->
        <test-method signature="selectingGiftCard()[pri:2, instance:testCases.TC_02_GiftCard@7a5ceedd]" started-at="2024-03-25T20:23:14 IST" name="selectingGiftCard" finished-at="2024-03-25T20:23:16 IST" depends-on-methods="testCases.TC_02_GiftCard.switchFrame" duration-ms="2387" status="PASS">
          <reporter-output>
          </reporter-output>
        </test-method> <!-- selectingGiftCard -->
        <test-method is-config="true" signature="popupHandle()[pri:0, instance:testCases.TC_02_GiftCard@7a5ceedd]" started-at="2024-03-25T20:23:16 IST" name="popupHandle" finished-at="2024-03-25T20:23:36 IST" duration-ms="20132" status="PASS">
          <reporter-output>
          </reporter-output>
        </test-method> <!-- popupHandle -->
        <test-method signature="insertingData()[pri:3, instance:testCases.TC_02_GiftCard@7a5ceedd]" started-at="2024-03-25T20:23:36 IST" name="insertingData" finished-at="2024-03-25T20:23:38 IST" depends-on-methods="testCases.TC_02_GiftCard.selectingGiftCard" duration-ms="1827" status="PASS">
          <reporter-output>
          </reporter-output>
        </test-method> <!-- insertingData -->
        <test-method is-config="true" signature="popupHandle()[pri:0, instance:testCases.TC_02_GiftCard@7a5ceedd]" started-at="2024-03-25T20:23:38 IST" name="popupHandle" finished-at="2024-03-25T20:23:58 IST" duration-ms="20079" status="PASS">
          <reporter-output>
          </reporter-output>
        </test-method> <!-- popupHandle -->
        <test-method signature="cpaturingErrorMessage()[pri:4, instance:testCases.TC_02_GiftCard@7a5ceedd]" started-at="2024-03-25T20:23:58 IST" name="cpaturingErrorMessage" finished-at="2024-03-25T20:23:59 IST" depends-on-methods="testCases.TC_02_GiftCard.insertingData" duration-ms="188" status="PASS">
          <reporter-output>
          </reporter-output>
        </test-method> <!-- cpaturingErrorMessage -->
        <test-method is-config="true" signature="complete()[pri:0, instance:testCases.TC_02_GiftCard@7a5ceedd]" started-at="2024-03-25T20:23:59 IST" name="complete" finished-at="2024-03-25T20:24:03 IST" duration-ms="4613" status="PASS">
          <reporter-output>
          </reporter-output>
        </test-method> <!-- complete -->
      </class> <!-- testCases.TC_02_GiftCard -->
      <class name="testCases.TC_01_CabBooking">
        <test-method is-config="true" signature="setup(java.lang.String)[pri:0, instance:testCases.TC_01_CabBooking@5965d37]" started-at="2024-03-25T20:20:37 IST" name="setup" finished-at="2024-03-25T20:20:50 IST" duration-ms="13058" status="PASS">
          <params>
            <param index="0">
              <value>
                <![CDATA[edge]]>
              </value>
            </param>
          </params>
          <reporter-output>
          </reporter-output>
        </test-method> <!-- setup -->
        <test-method is-config="true" signature="popupHandle()[pri:0, instance:testCases.TC_01_CabBooking@5965d37]" started-at="2024-03-25T20:20:51 IST" name="popupHandle" finished-at="2024-03-25T20:20:55 IST" duration-ms="4413" status="PASS">
          <reporter-output>
          </reporter-output>
        </test-method> <!-- popupHandle -->
        <test-method signature="fillingDetails(java.lang.String,java.lang.String,java.lang.String,java.lang.String,java.lang.String)[pri:1, instance:testCases.TC_01_CabBooking@5965d37]" started-at="2024-03-25T20:20:55 IST" name="fillingDetails" data-provider="DataInput" finished-at="2024-03-25T20:21:19 IST" duration-ms="23702" status="PASS">
          <params>
            <param index="0">
              <value>
                <![CDATA[Delhi]]>
              </value>
            </param>
            <param index="1">
              <value>
                <![CDATA[Manali]]>
              </value>
            </param>
            <param index="2">
              <value>
                <![CDATA[1-May]]>
              </value>
            </param>
            <param index="3">
              <value>
                <![CDATA[6:30]]>
              </value>
            </param>
            <param index="4">
              <value>
                <![CDATA[AM]]>
              </value>
            </param>
          </params>
          <reporter-output>
          </reporter-output>
        </test-method> <!-- fillingDetails -->
        <test-method is-config="true" signature="popupHandle()[pri:0, instance:testCases.TC_01_CabBooking@5965d37]" started-at="2024-03-25T20:21:19 IST" name="popupHandle" finished-at="2024-03-25T20:21:25 IST" duration-ms="5734" status="PASS">
          <reporter-output>
          </reporter-output>
        </test-method> <!-- popupHandle -->
        <test-method signature="fillingDetails(java.lang.String,java.lang.String,java.lang.String,java.lang.String,java.lang.String)[pri:1, instance:testCases.TC_01_CabBooking@5965d37]" started-at="2024-03-25T20:21:25 IST" name="fillingDetails" data-provider="DataInput" finished-at="2024-03-25T20:21:45 IST" duration-ms="20311" status="PASS">
          <params>
            <param index="0">
              <value>
                <![CDATA[Pune]]>
              </value>
            </param>
            <param index="1">
              <value>
                <![CDATA[Mumbai]]>
              </value>
            </param>
            <param index="2">
              <value>
                <![CDATA[11-May]]>
              </value>
            </param>
            <param index="3">
              <value>
                <![CDATA[7:45]]>
              </value>
            </param>
            <param index="4">
              <value>
                <![CDATA[PM]]>
              </value>
            </param>
          </params>
          <reporter-output>
          </reporter-output>
        </test-method> <!-- fillingDetails -->
        <test-method is-config="true" signature="popupHandle()[pri:0, instance:testCases.TC_01_CabBooking@5965d37]" started-at="2024-03-25T20:21:45 IST" name="popupHandle" finished-at="2024-03-25T20:22:05 IST" duration-ms="20152" status="PASS">
          <reporter-output>
          </reporter-output>
        </test-method> <!-- popupHandle -->
        <test-method signature="fillingDetails(java.lang.String,java.lang.String,java.lang.String,java.lang.String,java.lang.String)[pri:1, instance:testCases.TC_01_CabBooking@5965d37]" started-at="2024-03-25T20:22:05 IST" name="fillingDetails" data-provider="DataInput" finished-at="2024-03-25T20:22:33 IST" duration-ms="27421" status="PASS">
          <params>
            <param index="0">
              <value>
                <![CDATA[Kolkata]]>
              </value>
            </param>
            <param index="1">
              <value>
                <![CDATA[Shimla]]>
              </value>
            </param>
            <param index="2">
              <value>
                <![CDATA[20-Jun]]>
              </value>
            </param>
            <param index="3">
              <value>
                <![CDATA[11:15]]>
              </value>
            </param>
            <param index="4">
              <value>
                <![CDATA[AM]]>
              </value>
            </param>
          </params>
          <reporter-output>
          </reporter-output>
        </test-method> <!-- fillingDetails -->
        <test-method is-config="true" signature="complete()[pri:0, instance:testCases.TC_01_CabBooking@5965d37]" started-at="2024-03-25T20:22:33 IST" name="complete" finished-at="2024-03-25T20:22:37 IST" duration-ms="4683" status="PASS">
          <reporter-output>
          </reporter-output>
        </test-method> <!-- complete -->
      </class> <!-- testCases.TC_01_CabBooking -->
    </test> <!-- EdgeTest -->
  </suite> <!-- Suite -->
</testng-results>
